[18:11:59] [ServerMain/INFO]: Environment: authHost='https://authserver.mojang.com', accountsHost='https://api.mojang.com', sessionHost='https://sessionserver.mojang.com', servicesHost='https://api.minecraftservices.com', name='PROD'
[18:12:03] [ServerMain/INFO]: Loaded 7 recipes
[18:12:03] [ServerMain/INFO]: Loaded 1271 advancements
[18:12:04] [Server thread/INFO]: Starting minecraft server version 1.20.1
[18:12:04] [Server thread/INFO]: Loading properties
[18:12:04] [Server thread/INFO]: Default game type: SURVIVAL
[18:12:04] [Server thread/INFO]: Generating keypair
[18:12:04] [Server thread/INFO]: Starting Minecraft server on *:25565
[18:12:04] [Server thread/INFO]: Using epoll channel type
[18:12:04] [Server thread/WARN]: **** SERVER IS RUNNING IN OFFLINE/INSECURE MODE!
[18:12:04] [Server thread/WARN]: The server will make no attempt to authenticate usernames. Beware.
[18:12:04] [Server thread/WARN]: While this makes the game possible to play without internet access, it also opens up the ability for hackers to connect with any username they choose.
[18:12:04] [Server thread/WARN]: To change this, set "online-mode" to "true" in the server.properties file.
[18:12:04] [Server thread/INFO]: Preparing level "world"
[18:12:10] [Server thread/INFO]: Preparing start region for dimension minecraft:overworld
[18:12:16] [Worker-Main-1/INFO]: Preparing spawn area: 0%
[18:12:16] [Worker-Main-1/INFO]: Preparing spawn area: 0%
[18:12:16] [Worker-Main-1/INFO]: Preparing spawn area: 0%
[18:12:16] [Worker-Main-1/INFO]: Preparing spawn area: 0%
[18:12:16] [Worker-Main-1/INFO]: Preparing spawn area: 0%
[18:12:16] [Worker-Main-1/INFO]: Preparing spawn area: 0%
[18:12:16] [Worker-Main-1/INFO]: Preparing spawn area: 0%
[18:12:16] [Worker-Main-1/INFO]: Preparing spawn area: 0%
[18:12:16] [Worker-Main-1/INFO]: Preparing spawn area: 0%
[18:12:16] [Worker-Main-1/INFO]: Preparing spawn area: 0%
[18:12:17] [Worker-Main-1/INFO]: Preparing spawn area: 0%
[18:12:17] [Worker-Main-1/INFO]: Preparing spawn area: 0%
[18:12:17] [Worker-Main-1/INFO]: Preparing spawn area: 0%
[18:12:17] [Worker-Main-1/INFO]: Preparing spawn area: 0%
[18:12:17] [Worker-Main-1/INFO]: Preparing spawn area: 0%
[18:12:18] [Worker-Main-1/INFO]: Preparing spawn area: 0%
[18:12:18] [Worker-Main-1/INFO]: Preparing spawn area: 0%
[18:12:19] [Worker-Main-1/INFO]: Preparing spawn area: 0%
[18:12:19] [Worker-Main-1/INFO]: Preparing spawn area: 0%
[18:12:20] [Server thread/INFO]: Time elapsed: 9807 ms
[18:12:20] [Server thread/INFO]: Done (16.054s)! For help, type "help"
[18:17:35] [Server thread/INFO]: deimos2862[/127.173.8.53:47387] logged in with entity id 200 at (117.69999998807907, 11.0, -3.300000011920929)
[18:17:35] [Server thread/INFO]: deimos2862 joined the game
[18:17:40] [Server thread/INFO]: Clagolas[/127.173.8.53:38797] logged in with entity id 265 at (30.546612586742842, 54.231523797587016, 48.92186347390511)
[18:17:40] [Server thread/INFO]: Clagolas joined the game
[18:18:14] [Server thread/INFO]: Thecno662[/127.173.8.53:55489] logged in with entity id 438 at (137.69999998807907, 31.0, -1.311607903844476)
[18:18:14] [Server thread/INFO]: Thecno662 joined the game
[18:18:53] [Server thread/INFO]: Clagolas8[/127.173.8.53:39377] logged in with entity id 576 at (29.72832937476579, 56.76636799395752, 51.30000001192093)
[18:18:53] [Server thread/INFO]: Clagolas8 joined the game
[18:20:15] [Server thread/INFO]: Clagolas8 was slain by Zombie
[18:20:32] [Server thread/INFO]: [Thecno662: Teleported Clagolas8 to Clagolas]
[18:21:05] [Server thread/INFO]: [Thecno662: Made Clagolas a server operator]
[18:21:10] [Server thread/INFO]: Clagolas was shot by Skeleton
[18:21:16] [Server thread/INFO]: Thecno662 lost connection: Disconnected
[18:21:16] [Server thread/INFO]: Thecno662 left the game
